\BOOKMARK [0][-]{figure.caption.3}{\376\377\000A\000b\000s\000t\000r\000a\000c\000t}{}% 1
\BOOKMARK [0][-]{chapter*.4}{\376\377\000A\000c\000k\000n\000o\000w\000l\000e\000d\000g\000e\000m\000e\000n\000t}{}% 2
\BOOKMARK [0][-]{chapter*.5}{\376\377\000I\000n\000d\000e\000x}{}% 3
\BOOKMARK [0][-]{chapter*.6}{\376\377\000L\000i\000s\000t\000\040\000o\000f\000\040\000F\000i\000g\000u\000r\000e\000s}{}% 4
\BOOKMARK [0][-]{chapter.1}{\376\377\000I\000N\000T\000R\000O\000D\000U\000C\000T\000I\000O\000N}{}% 5
\BOOKMARK [0][-]{chapter.2}{\376\377\000H\000I\000S\000T\000O\000R\000Y\000\040\000A\000N\000D\000\040\000E\000V\000O\000L\000U\000T\000I\000O\000N\000\040\000O\000F\000\040\000S\000O\000C\000I\000A\000L\000\040\000M\000E\000D\000I\000A}{}% 6
\BOOKMARK [0][-]{chapter.3}{\376\377\000L\000I\000T\000E\000R\000A\000T\000U\000R\000E\000\040\000S\000U\000R\000V\000E\000Y\000\040}{}% 7
\BOOKMARK [1][-]{section.3.1}{\376\377\000\040\000N\000e\000e\000d\000\040\000o\000f\000\040\000S\000o\000i\000a\000l\000\040\000M\000e\000d\000i\000a}{chapter.3}% 8
\BOOKMARK [1][-]{section.3.2}{\376\377\000\040\000R\000o\000l\000e\000\040\000o\000f\000\040\000s\000e\000c\000u\000r\000i\000t\000y\000\040\000i\000n\000\040\000s\000o\000c\000i\000a\000l\000\040\000m\000e\000d\000i\000a}{chapter.3}% 9
\BOOKMARK [1][-]{section.3.3}{\376\377\000A\000c\000c\000e\000s\000s\000\040\000a\000n\000d\000\040\000u\000s\000a\000g\000e\000\040\000o\000f\000\040\000S\000o\000c\000i\000a\000l\000\040\000M\000e\000d\000i\000a}{chapter.3}% 10
\BOOKMARK [1][-]{section.3.4}{\376\377\000\040\000S\000o\000c\000i\000a\000l\000\040\000m\000e\000d\000i\000a\000\040\000c\000h\000a\000l\000l\000e\000n\000g\000e\000s\000\040\000a\000n\000d\000\040\000s\000e\000c\000u\000r\000i\000t\000y\000\040\000r\000i\000s\000k\000s}{chapter.3}% 11
\BOOKMARK [0][-]{chapter.4}{\376\377\000\040\000C\000Y\000B\000E\000R\000\040\000S\000E\000C\000U\000R\000I\000T\000Y}{}% 12
\BOOKMARK [1][-]{section.4.1}{\376\377\000H\000o\000w\000\040\000d\000o\000e\000s\000\040\000C\000y\000b\000e\000r\000\040\000S\000e\000c\000u\000r\000i\000t\000y\000\040\000m\000a\000k\000e\000\040\000w\000o\000r\000k\000i\000n\000g\000\040\000s\000o\000\040\000e\000a\000s\000y\000?\000\040}{chapter.4}% 13
\BOOKMARK [1][-]{section.4.2}{\376\377\000C\000y\000b\000e\000r\000\040\000E\000t\000h\000i\000c\000s}{chapter.4}% 14
\BOOKMARK [0][-]{chapter.5}{\376\377\000\040\000R\000O\000L\000E\000\040\000O\000F\000\040\000C\000Y\000B\000E\000R\000\040\000S\000E\000C\000U\000R\000I\000T\000Y\000\040\000I\000N\000\040\000S\000O\000C\000I\000A\000L\000\040\000M\000E\000D\000I\000A\000\040}{}% 15
\BOOKMARK [1][-]{section.5.1}{\376\377\000C\000y\000b\000e\000r\000\040\000C\000r\000i\000m\000e}{chapter.5}% 16
\BOOKMARK [0][-]{chapter.6}{\376\377\000A\000D\000V\000A\000N\000T\000A\000G\000E\000S\000\040\000A\000N\000D\000\040\000D\000I\000S\000A\000D\000V\000A\000N\000T\000A\000G\000E\000S}{}% 17
\BOOKMARK [1][-]{section.6.1}{\376\377\000A\000d\000v\000a\000n\000t\000a\000g\000e\000s}{chapter.6}% 18
\BOOKMARK [1][-]{section.6.2}{\376\377\000D\000i\000s\000a\000d\000v\000a\000n\000t\000a\000g\000e\000s}{chapter.6}% 19
\BOOKMARK [0][-]{chapter.7}{\376\377\000C\000O\000N\000C\000L\000U\000S\000I\000O\000N}{}% 20
\BOOKMARK [0][-]{chapter.7}{\376\377\000R\000E\000F\000E\000R\000E\000N\000C\000E\000S}{}% 21
